.
..
.keepme
2to3
2to3-3.9
SophosUpdate
ansible
ansible-playbook
autopoint
aws
aws-iam-authenticator
aws_completer
brew
cargo
clisso
com.docker.cli
docker
docker-compose
docker-credential-desktop
docker-credential-ecr-login
docker-credential-osxkeychain
eksctl
envsubst
gdbm_dump
gdbm_load
gdbmtool
gettext
gettext.sh
gettextize
gimme-aws-creds
gimme-aws-creds.cmd
glooctl
helm
hub-tool
hyperkit
idle3
idle3.9
idn2
jq
kops
kubectl
kubectl.docker
lzcat
lzcmp
lzdiff
lzegrep
lzfgrep
lzgrep
lzless
lzma
lzmadec
lzmainfo
lzmore
meta
minikube
msgattrib
msgcat
msgcmp
msgcomm
msgen
msgexec
msgfilter
msgfmt
msggrep
msginit
msgmerge
msgunfmt
msguniq
ngettext
notary
onig-config
pcre-config
pcregrep
pcretest
pip3
pip3.9
pkg-config
pydoc3
pydoc3.9
python3
python3-config
python3.9
python3.9-config
recode-sr-latin
rust-gdb
rust-gdbgui
rust-lldb
rustc
rustdoc
sam
seadmin
session-manager-plugin
shellcheck
sweep
telnet
terraform
terraform-docs
terraform_0.12.29
tfswitch
tree
unlzma
unxz
vpnkit
watch
wget
wheel3
xgettext
xz
xzcat
xzcmp
xzdec
xzdiff
xzegrep
xzfgrep
xzgrep
xzless
xzmore
zsh
zsh-5.8
